android/app/build/intermediates/manifest_merge_blame_file/debug/manifest-merger-blame-debug-report.txt
1<?xml version="1.0" encoding="utf-8"?>
2<manifest xmlns:android="http://schemas.android.com/apk/res/android"
3    package="com.TunerGames.Dynamit"
4    android:versionCode="1"
5    android:versionName="1.0.0" >
6
7    <uses-sdk
8        android:minSdkVersion="24"
9        android:targetSdkVersion="34" />
10
11    <!-- OpenGL ES 3.0 -->
12    <uses-feature
12-->src\main\AndroidManifest.xml:6:5-78
13        android:glEsVersion="0x00030000"
13-->src\main\AndroidManifest.xml:6:19-51
14        android:required="true" />
14-->src\main\AndroidManifest.xml:6:52-75
15
16    <!-- 音频 + 网络 -->
17    <uses-permission android:name="android.permission.INTERNET" />
17-->src\main\AndroidManifest.xml:9:5-67
17-->src\main\AndroidManifest.xml:9:22-64
18    <uses-permission android:name="android.permission.RECORD_AUDIO" />
18-->src\main\AndroidManifest.xml:10:5-71
18-->src\main\AndroidManifest.xml:10:22-68
19
20    <!-- 存储（Android 10+ 使用 Scoped Storage，如需访问外部谱面再申请） -->
21    <uses-permission
21-->src\main\AndroidManifest.xml:13:5-14:38
22        android:name="android.permission.READ_EXTERNAL_STORAGE"
22-->src\main\AndroidManifest.xml:13:22-77
23        android:maxSdkVersion="28" />
23-->src\main\AndroidManifest.xml:14:9-35
24
25    <permission
25-->[androidx.core:core:1.12.0] AndroidManifest.xml:22:5-24:47
26        android:name="com.TunerGames.Dynamit.DYNAMIC_RECEIVER_NOT_EXPORTED_PERMISSION"
26-->[androidx.core:core:1.12.0] AndroidManifest.xml:23:9-81
27        android:protectionLevel="signature" />
27-->[androidx.core:core:1.12.0] AndroidManifest.xml:24:9-44
28
29    <uses-permission android:name="com.TunerGames.Dynamit.DYNAMIC_RECEIVER_NOT_EXPORTED_PERMISSION" />
29-->[androidx.core:core:1.12.0] AndroidManifest.xml:26:5-97
29-->[androidx.core:core:1.12.0] AndroidManifest.xml:26:22-94
30
31    <application
31-->src\main\AndroidManifest.xml:16:5-34:19
32        android:appComponentFactory="androidx.core.app.CoreComponentFactory"
32-->[androidx.core:core:1.12.0] AndroidManifest.xml:28:18-86
33        android:debuggable="true"
34        android:extractNativeLibs="true"
34-->src\main\AndroidManifest.xml:22:9-41
35        android:hardwareAccelerated="true"
35-->src\main\AndroidManifest.xml:21:9-43
36        android:icon="@android:drawable/sym_def_app_icon"
36-->src\main\AndroidManifest.xml:18:9-58
37        android:label="@string/app_name"
37-->src\main\AndroidManifest.xml:17:9-41
38        android:roundIcon="@android:drawable/sym_def_app_icon"
38-->src\main\AndroidManifest.xml:19:9-63
39        android:theme="@style/Theme.Dynamite" >
39-->src\main\AndroidManifest.xml:20:9-46
40        <activity
40-->src\main\AndroidManifest.xml:24:9-33:20
41            android:name="com.TunerGames.Dynamit.MainActivity"
41-->src\main\AndroidManifest.xml:25:13-41
42            android:configChanges="keyboard|keyboardHidden|orientation|screenSize|smallestScreenSize"
42-->src\main\AndroidManifest.xml:26:13-102
43            android:exported="true"
43-->src\main\AndroidManifest.xml:27:13-36
44            android:screenOrientation="landscape" >
44-->src\main\AndroidManifest.xml:28:13-50
45            <intent-filter>
45-->src\main\AndroidManifest.xml:29:13-32:29
46                <action android:name="android.intent.action.MAIN" />
46-->src\main\AndroidManifest.xml:30:17-69
46-->src\main\AndroidManifest.xml:30:25-66
47
48                <category android:name="android.intent.category.LAUNCHER" />
48-->src\main\AndroidManifest.xml:31:17-77
48-->src\main\AndroidManifest.xml:31:27-74
49            </intent-filter>
50        </activity>
51    </application>
52
53</manifest>